<?xml version="1.0" encoding="UTF-8"?>
<coverage generated="1725371659928" clover="3.2.0">
  <project timestamp="1725371659929" name="All files">
    <metrics statements="111" coveredstatements="109" conditionals="27" coveredconditionals="24" methods="21" coveredmethods="20" elements="159" coveredelements="153" complexity="0" loc="111" ncloc="111" packages="3" files="18" classes="18"/>
    <package name="assets">
      <metrics statements="10" coveredstatements="10" conditionals="0" coveredconditionals="0" methods="0" coveredmethods="0"/>
      <file name="icon-age.svg" path="C:\Users\kdind\Documents\deleteMe\bmi-calculator\client\src\assets\icon-age.svg">
        <metrics statements="1" coveredstatements="1" conditionals="0" coveredconditionals="0" methods="0" coveredmethods="0"/>
        <line num="1" count="1" type="stmt"/>
      </file>
      <file name="icon-eating.svg" path="C:\Users\kdind\Documents\deleteMe\bmi-calculator\client\src\assets\icon-eating.svg">
        <metrics statements="1" coveredstatements="1" conditionals="0" coveredconditionals="0" methods="0" coveredmethods="0"/>
        <line num="1" count="1" type="stmt"/>
      </file>
      <file name="icon-exercise.svg" path="C:\Users\kdind\Documents\deleteMe\bmi-calculator\client\src\assets\icon-exercise.svg">
        <metrics statements="1" coveredstatements="1" conditionals="0" coveredconditionals="0" methods="0" coveredmethods="0"/>
        <line num="1" count="1" type="stmt"/>
      </file>
      <file name="icon-gender.svg" path="C:\Users\kdind\Documents\deleteMe\bmi-calculator\client\src\assets\icon-gender.svg">
        <metrics statements="1" coveredstatements="1" conditionals="0" coveredconditionals="0" methods="0" coveredmethods="0"/>
        <line num="1" count="1" type="stmt"/>
      </file>
      <file name="icon-muscle.svg" path="C:\Users\kdind\Documents\deleteMe\bmi-calculator\client\src\assets\icon-muscle.svg">
        <metrics statements="1" coveredstatements="1" conditionals="0" coveredconditionals="0" methods="0" coveredmethods="0"/>
        <line num="1" count="1" type="stmt"/>
      </file>
      <file name="icon-pregnancy.svg" path="C:\Users\kdind\Documents\deleteMe\bmi-calculator\client\src\assets\icon-pregnancy.svg">
        <metrics statements="1" coveredstatements="1" conditionals="0" coveredconditionals="0" methods="0" coveredmethods="0"/>
        <line num="1" count="1" type="stmt"/>
      </file>
      <file name="icon-race.svg" path="C:\Users\kdind\Documents\deleteMe\bmi-calculator\client\src\assets\icon-race.svg">
        <metrics statements="1" coveredstatements="1" conditionals="0" coveredconditionals="0" methods="0" coveredmethods="0"/>
        <line num="1" count="1" type="stmt"/>
      </file>
      <file name="icon-sleep.svg" path="C:\Users\kdind\Documents\deleteMe\bmi-calculator\client\src\assets\icon-sleep.svg">
        <metrics statements="1" coveredstatements="1" conditionals="0" coveredconditionals="0" methods="0" coveredmethods="0"/>
        <line num="1" count="1" type="stmt"/>
      </file>
      <file name="image-man-eating.webp" path="C:\Users\kdind\Documents\deleteMe\bmi-calculator\client\src\assets\image-man-eating.webp">
        <metrics statements="1" coveredstatements="1" conditionals="0" coveredconditionals="0" methods="0" coveredmethods="0"/>
        <line num="1" count="1" type="stmt"/>
      </file>
      <file name="logo.svg" path="C:\Users\kdind\Documents\deleteMe\bmi-calculator\client\src\assets\logo.svg">
        <metrics statements="1" coveredstatements="1" conditionals="0" coveredconditionals="0" methods="0" coveredmethods="0"/>
        <line num="1" count="2" type="stmt"/>
      </file>
    </package>
    <package name="assets.css">
      <metrics statements="4" coveredstatements="4" conditionals="0" coveredconditionals="0" methods="0" coveredmethods="0"/>
      <file name="adviceStyles.css" path="C:\Users\kdind\Documents\deleteMe\bmi-calculator\client\src\assets\css\adviceStyles.css">
        <metrics statements="1" coveredstatements="1" conditionals="0" coveredconditionals="0" methods="0" coveredmethods="0"/>
        <line num="1" count="1" type="stmt"/>
      </file>
      <file name="bmiCalcStyles.css" path="C:\Users\kdind\Documents\deleteMe\bmi-calculator\client\src\assets\css\bmiCalcStyles.css">
        <metrics statements="1" coveredstatements="1" conditionals="0" coveredconditionals="0" methods="0" coveredmethods="0"/>
        <line num="1" count="2" type="stmt"/>
      </file>
      <file name="bmiDefStyles.css" path="C:\Users\kdind\Documents\deleteMe\bmi-calculator\client\src\assets\css\bmiDefStyles.css">
        <metrics statements="1" coveredstatements="1" conditionals="0" coveredconditionals="0" methods="0" coveredmethods="0"/>
        <line num="1" count="1" type="stmt"/>
      </file>
      <file name="limitationsStyles.css" path="C:\Users\kdind\Documents\deleteMe\bmi-calculator\client\src\assets\css\limitationsStyles.css">
        <metrics statements="1" coveredstatements="1" conditionals="0" coveredconditionals="0" methods="0" coveredmethods="0"/>
        <line num="1" count="1" type="stmt"/>
      </file>
    </package>
    <package name="components">
      <metrics statements="97" coveredstatements="95" conditionals="27" coveredconditionals="24" methods="21" coveredmethods="20"/>
      <file name="AdviceComponent.jsx" path="C:\Users\kdind\Documents\deleteMe\bmi-calculator\client\src\components\AdviceComponent.jsx">
        <metrics statements="1" coveredstatements="1" conditionals="0" coveredconditionals="0" methods="1" coveredmethods="1"/>
        <line num="8" count="1" type="stmt"/>
      </file>
      <file name="BmiCalcComponent.jsx" path="C:\Users\kdind\Documents\deleteMe\bmi-calculator\client\src\components\BmiCalcComponent.jsx">
        <metrics statements="94" coveredstatements="92" conditionals="27" coveredconditionals="24" methods="18" coveredmethods="17"/>
        <line num="5" count="3" type="stmt"/>
        <line num="17" count="19" type="stmt"/>
        <line num="18" count="19" type="stmt"/>
        <line num="19" count="19" type="stmt"/>
        <line num="20" count="19" type="stmt"/>
        <line num="22" count="19" type="stmt"/>
        <line num="23" count="19" type="stmt"/>
        <line num="25" count="19" type="stmt"/>
        <line num="26" count="19" type="stmt"/>
        <line num="27" count="19" type="stmt"/>
        <line num="29" count="19" type="stmt"/>
        <line num="30" count="19" type="stmt"/>
        <line num="31" count="19" type="stmt"/>
        <line num="32" count="19" type="stmt"/>
        <line num="34" count="19" type="stmt"/>
        <line num="35" count="19" type="stmt"/>
        <line num="36" count="19" type="stmt"/>
        <line num="37" count="19" type="stmt"/>
        <line num="39" count="19" type="stmt"/>
        <line num="42" count="19" type="stmt"/>
        <line num="43" count="2" type="stmt"/>
        <line num="45" count="2" type="stmt"/>
        <line num="46" count="2" type="stmt"/>
        <line num="47" count="2" type="stmt"/>
        <line num="50" count="19" type="stmt"/>
        <line num="51" count="1" type="stmt"/>
        <line num="53" count="1" type="stmt"/>
        <line num="54" count="1" type="stmt"/>
        <line num="57" count="19" type="stmt"/>
        <line num="60" count="3" type="cond" truecount="3" falsecount="1"/>
        <line num="62" count="0" type="stmt"/>
        <line num="64" count="3" type="stmt"/>
        <line num="66" count="3" type="stmt"/>
        <line num="71" count="19" type="stmt"/>
        <line num="72" count="2" type="cond" truecount="1" falsecount="1"/>
        <line num="73" count="2" type="stmt"/>
        <line num="75" count="2" type="stmt"/>
        <line num="76" count="2" type="stmt"/>
        <line num="77" count="2" type="stmt"/>
        <line num="83" count="19" type="stmt"/>
        <line num="85" count="2" type="cond" truecount="1" falsecount="1"/>
        <line num="86" count="2" type="stmt"/>
        <line num="88" count="2" type="stmt"/>
        <line num="89" count="2" type="stmt"/>
        <line num="90" count="2" type="stmt"/>
        <line num="100" count="19" type="stmt"/>
        <line num="102" count="1" type="stmt"/>
        <line num="105" count="1" type="stmt"/>
        <line num="106" count="1" type="stmt"/>
        <line num="107" count="1" type="stmt"/>
        <line num="108" count="1" type="stmt"/>
        <line num="109" count="1" type="stmt"/>
        <line num="110" count="1" type="stmt"/>
        <line num="114" count="19" type="stmt"/>
        <line num="115" count="3" type="stmt"/>
        <line num="116" count="3" type="stmt"/>
        <line num="117" count="3" type="stmt"/>
        <line num="118" count="3" type="stmt"/>
        <line num="119" count="3" type="stmt"/>
        <line num="120" count="3" type="stmt"/>
        <line num="121" count="3" type="stmt"/>
        <line num="122" count="3" type="stmt"/>
        <line num="128" count="19" type="stmt"/>
        <line num="129" count="2" type="stmt"/>
        <line num="133" count="19" type="stmt"/>
        <line num="134" count="2" type="stmt"/>
        <line num="137" count="19" type="stmt"/>
        <line num="138" count="3" type="stmt"/>
        <line num="139" count="3" type="stmt"/>
        <line num="144" count="19" type="stmt"/>
        <line num="145" count="1" type="stmt"/>
        <line num="148" count="19" type="stmt"/>
        <line num="149" count="1" type="stmt"/>
        <line num="153" count="19" type="stmt"/>
        <line num="154" count="1" type="stmt"/>
        <line num="157" count="19" type="stmt"/>
        <line num="158" count="14" type="cond" truecount="4" falsecount="0"/>
        <line num="159" count="2" type="stmt"/>
        <line num="161" count="2" type="stmt"/>
        <line num="162" count="2" type="stmt"/>
        <line num="163" count="2" type="stmt"/>
        <line num="164" count="2" type="stmt"/>
        <line num="165" count="2" type="stmt"/>
        <line num="166" count="2" type="stmt"/>
        <line num="169" count="14" type="cond" truecount="5" falsecount="0"/>
        <line num="170" count="1" type="stmt"/>
        <line num="171" count="1" type="stmt"/>
        <line num="172" count="1" type="stmt"/>
        <line num="173" count="1" type="stmt"/>
        <line num="174" count="1" type="stmt"/>
        <line num="175" count="1" type="stmt"/>
        <line num="181" count="19" type="stmt"/>
        <line num="208" count="0" type="stmt"/>
        <line num="218" count="3" type="stmt"/>
      </file>
      <file name="BmiDefinitionComponent.jsx" path="C:\Users\kdind\Documents\deleteMe\bmi-calculator\client\src\components\BmiDefinitionComponent.jsx">
        <metrics statements="1" coveredstatements="1" conditionals="0" coveredconditionals="0" methods="1" coveredmethods="1"/>
        <line num="7" count="1" type="stmt"/>
      </file>
      <file name="LimitationsComponent.jsx" path="C:\Users\kdind\Documents\deleteMe\bmi-calculator\client\src\components\LimitationsComponent.jsx">
        <metrics statements="1" coveredstatements="1" conditionals="0" coveredconditionals="0" methods="1" coveredmethods="1"/>
        <line num="13" count="1" type="stmt"/>
      </file>
    </package>
  </project>
</coverage>
