{"C:\\Users\\kdind\\Documents\\deleteMe\\bmi-calculator\\client\\src\\assets\\logo.svg": {"path":"C:\\Users\\kdind\\Documents\\deleteMe\\bmi-calculator\\client\\src\\assets\\logo.svg","statementMap":{"0":{"start":{"line":1,"column":0},"end":{"line":1,"column":19}}},"fnMap":{},"branchMap":{},"s":{"0":2},"f":{},"b":{},"_coverageSchema":"1a1c01bbd47fc00a2c39e90264f33305004495a9","hash":"0d313f635393f379b3d81ef51509d0b6105bc22d"}
,"C:\\Users\\kdind\\Documents\\deleteMe\\bmi-calculator\\client\\src\\components\\BmiCalcComponent.jsx": {"path":"C:\\Users\\kdind\\Documents\\deleteMe\\bmi-calculator\\client\\src\\components\\BmiCalcComponent.jsx","statementMap":{"0":{"start":{"line":6,"column":2},"end":{"line":12,"column":3}},"1":{"start":{"line":18,"column":17},"end":{"line":18,"column":25}},"2":{"start":{"line":19,"column":19},"end":{"line":19,"column":29}},"3":{"start":{"line":20,"column":24},"end":{"line":20,"column":28}},"4":{"start":{"line":21,"column":24},"end":{"line":21,"column":28}},"5":{"start":{"line":22,"column":54},"end":{"line":22,"column":66}},"6":{"start":{"line":23,"column":54},"end":{"line":23,"column":66}},"7":{"start":{"line":24,"column":44},"end":{"line":24,"column":64}},"8":{"start":{"line":25,"column":48},"end":{"line":25,"column":63}},"9":{"start":{"line":26,"column":38},"end":{"line":26,"column":50}},"10":{"start":{"line":27,"column":40},"end":{"line":27,"column":52}},"11":{"start":{"line":28,"column":50},"end":{"line":28,"column":62}},"12":{"start":{"line":29,"column":50},"end":{"line":29,"column":62}},"13":{"start":{"line":31,"column":56},"end":{"line":31,"column":72}},"14":{"start":{"line":34,"column":30},"end":{"line":40,"column":3}},"15":{"start":{"line":35,"column":29},"end":{"line":35,"column":43}},"16":{"start":{"line":37,"column":18},"end":{"line":37,"column":60}},"17":{"start":{"line":38,"column":27},"end":{"line":38,"column":64}},"18":{"start":{"line":39,"column":6},"end":{"line":39,"column":26}},"19":{"start":{"line":43,"column":25},"end":{"line":53,"column":3}},"20":{"start":{"line":46,"column":4},"end":{"line":51,"column":5}},"21":{"start":{"line":48,"column":6},"end":{"line":48,"column":43}},"22":{"start":{"line":50,"column":6},"end":{"line":50,"column":41}},"23":{"start":{"line":52,"column":4},"end":{"line":52,"column":11}},"24":{"start":{"line":56,"column":30},"end":{"line":65,"column":3}},"25":{"start":{"line":57,"column":4},"end":{"line":64,"column":5}},"26":{"start":{"line":58,"column":29},"end":{"line":58,"column":43}},"27":{"start":{"line":60,"column":26},"end":{"line":60,"column":72}},"28":{"start":{"line":61,"column":10},"end":{"line":61,"column":58}},"29":{"start":{"line":62,"column":10},"end":{"line":62,"column":17}},"30":{"start":{"line":67,"column":30},"end":{"line":78,"column":3}},"31":{"start":{"line":69,"column":4},"end":{"line":76,"column":5}},"32":{"start":{"line":70,"column":29},"end":{"line":70,"column":43}},"33":{"start":{"line":72,"column":26},"end":{"line":72,"column":72}},"34":{"start":{"line":73,"column":10},"end":{"line":73,"column":58}},"35":{"start":{"line":74,"column":10},"end":{"line":74,"column":17}},"36":{"start":{"line":80,"column":26},"end":{"line":90,"column":3}},"37":{"start":{"line":81,"column":4},"end":{"line":81,"column":30}},"38":{"start":{"line":82,"column":4},"end":{"line":82,"column":30}},"39":{"start":{"line":83,"column":4},"end":{"line":83,"column":22}},"40":{"start":{"line":84,"column":4},"end":{"line":84,"column":23}},"41":{"start":{"line":85,"column":4},"end":{"line":85,"column":28}},"42":{"start":{"line":86,"column":4},"end":{"line":86,"column":28}},"43":{"start":{"line":87,"column":4},"end":{"line":87,"column":33}},"44":{"start":{"line":88,"column":4},"end":{"line":88,"column":30}},"45":{"start":{"line":92,"column":29},"end":{"line":94,"column":3}},"46":{"start":{"line":93,"column":4},"end":{"line":93,"column":53}},"47":{"start":{"line":97,"column":29},"end":{"line":99,"column":3}},"48":{"start":{"line":98,"column":4},"end":{"line":98,"column":53}},"49":{"start":{"line":101,"column":34},"end":{"line":105,"column":3}},"50":{"start":{"line":102,"column":4},"end":{"line":102,"column":22}},"51":{"start":{"line":103,"column":4},"end":{"line":103,"column":33}},"52":{"start":{"line":104,"column":4},"end":{"line":104,"column":21}},"53":{"start":{"line":108,"column":2},"end":{"line":119,"column":45}},"54":{"start":{"line":109,"column":4},"end":{"line":118,"column":7}},"55":{"start":{"line":110,"column":22},"end":{"line":110,"column":105}},"56":{"start":{"line":112,"column":6},"end":{"line":112,"column":28}},"57":{"start":{"line":113,"column":6},"end":{"line":113,"column":40}},"58":{"start":{"line":114,"column":6},"end":{"line":114,"column":31}},"59":{"start":{"line":115,"column":6},"end":{"line":115,"column":29}},"60":{"start":{"line":116,"column":6},"end":{"line":116,"column":46}},"61":{"start":{"line":117,"column":6},"end":{"line":117,"column":45}},"62":{"start":{"line":123,"column":4},"end":{"line":221,"column":5}},"63":{"start":{"line":144,"column":31},"end":{"line":144,"column":62}},"64":{"start":{"line":152,"column":31},"end":{"line":152,"column":64}}},"fnMap":{"0":{"name":"BmiDescription","decl":{"start":{"line":5,"column":9},"end":{"line":5,"column":23}},"loc":{"start":{"line":5,"column":56},"end":{"line":13,"column":1}},"line":5},"1":{"name":"BmiCalcComponent","decl":{"start":{"line":16,"column":9},"end":{"line":16,"column":25}},"loc":{"start":{"line":16,"column":28},"end":{"line":222,"column":3}},"line":16},"2":{"name":"(anonymous_2)","decl":{"start":{"line":34,"column":30},"end":{"line":34,"column":31}},"loc":{"start":{"line":34,"column":52},"end":{"line":40,"column":3}},"line":34},"3":{"name":"(anonymous_3)","decl":{"start":{"line":43,"column":25},"end":{"line":43,"column":26}},"loc":{"start":{"line":43,"column":34},"end":{"line":53,"column":3}},"line":43},"4":{"name":"(anonymous_4)","decl":{"start":{"line":56,"column":30},"end":{"line":56,"column":31}},"loc":{"start":{"line":56,"column":44},"end":{"line":65,"column":3}},"line":56},"5":{"name":"(anonymous_5)","decl":{"start":{"line":67,"column":30},"end":{"line":67,"column":31}},"loc":{"start":{"line":67,"column":44},"end":{"line":78,"column":3}},"line":67},"6":{"name":"(anonymous_6)","decl":{"start":{"line":80,"column":26},"end":{"line":80,"column":27}},"loc":{"start":{"line":80,"column":32},"end":{"line":90,"column":3}},"line":80},"7":{"name":"(anonymous_7)","decl":{"start":{"line":92,"column":29},"end":{"line":92,"column":30}},"loc":{"start":{"line":92,"column":36},"end":{"line":94,"column":3}},"line":92},"8":{"name":"(anonymous_8)","decl":{"start":{"line":97,"column":29},"end":{"line":97,"column":30}},"loc":{"start":{"line":97,"column":36},"end":{"line":99,"column":3}},"line":97},"9":{"name":"(anonymous_9)","decl":{"start":{"line":101,"column":34},"end":{"line":101,"column":35}},"loc":{"start":{"line":101,"column":45},"end":{"line":105,"column":3}},"line":101},"10":{"name":"(anonymous_10)","decl":{"start":{"line":108,"column":12},"end":{"line":108,"column":13}},"loc":{"start":{"line":108,"column":18},"end":{"line":119,"column":3}},"line":108},"11":{"name":"(anonymous_11)","decl":{"start":{"line":144,"column":26},"end":{"line":144,"column":27}},"loc":{"start":{"line":144,"column":31},"end":{"line":144,"column":62}},"line":144},"12":{"name":"(anonymous_12)","decl":{"start":{"line":152,"column":26},"end":{"line":152,"column":27}},"loc":{"start":{"line":152,"column":31},"end":{"line":152,"column":64}},"line":152}},"branchMap":{"0":{"loc":{"start":{"line":46,"column":4},"end":{"line":51,"column":5}},"type":"if","locations":[{"start":{"line":46,"column":4},"end":{"line":51,"column":5}},{"start":{"line":49,"column":9},"end":{"line":51,"column":5}}],"line":46},"1":{"loc":{"start":{"line":46,"column":7},"end":{"line":46,"column":49}},"type":"binary-expr","locations":[{"start":{"line":46,"column":7},"end":{"line":46,"column":26}},{"start":{"line":46,"column":30},"end":{"line":46,"column":49}}],"line":46},"2":{"loc":{"start":{"line":57,"column":4},"end":{"line":64,"column":5}},"type":"if","locations":[{"start":{"line":57,"column":4},"end":{"line":64,"column":5}},{"start":{},"end":{}}],"line":57},"3":{"loc":{"start":{"line":69,"column":4},"end":{"line":76,"column":5}},"type":"if","locations":[{"start":{"line":69,"column":4},"end":{"line":76,"column":5}},{"start":{},"end":{}}],"line":69},"4":{"loc":{"start":{"line":109,"column":4},"end":{"line":118,"column":7}},"type":"if","locations":[{"start":{"line":109,"column":4},"end":{"line":118,"column":7}},{"start":{},"end":{}}],"line":109},"5":{"loc":{"start":{"line":109,"column":7},"end":{"line":109,"column":47}},"type":"binary-expr","locations":[{"start":{"line":109,"column":7},"end":{"line":109,"column":25}},{"start":{"line":109,"column":29},"end":{"line":109,"column":47}}],"line":109},"6":{"loc":{"start":{"line":156,"column":17},"end":{"line":163,"column":18}},"type":"binary-expr","locations":[{"start":{"line":156,"column":17},"end":{"line":156,"column":47}},{"start":{"line":156,"column":50},"end":{"line":163,"column":18}}],"line":156},"7":{"loc":{"start":{"line":164,"column":17},"end":{"line":168,"column":18}},"type":"binary-expr","locations":[{"start":{"line":164,"column":17},"end":{"line":164,"column":49}},{"start":{"line":165,"column":16},"end":{"line":168,"column":18}}],"line":164},"8":{"loc":{"start":{"line":170,"column":17},"end":{"line":174,"column":18}},"type":"binary-expr","locations":[{"start":{"line":170,"column":17},"end":{"line":170,"column":49}},{"start":{"line":171,"column":16},"end":{"line":174,"column":18}}],"line":170},"9":{"loc":{"start":{"line":177,"column":17},"end":{"line":185,"column":18}},"type":"binary-expr","locations":[{"start":{"line":177,"column":17},"end":{"line":177,"column":49}},{"start":{"line":178,"column":16},"end":{"line":185,"column":18}}],"line":177},"10":{"loc":{"start":{"line":187,"column":17},"end":{"line":191,"column":18}},"type":"binary-expr","locations":[{"start":{"line":187,"column":17},"end":{"line":187,"column":49}},{"start":{"line":188,"column":16},"end":{"line":191,"column":18}}],"line":187},"11":{"loc":{"start":{"line":193,"column":17},"end":{"line":197,"column":18}},"type":"binary-expr","locations":[{"start":{"line":193,"column":17},"end":{"line":193,"column":49}},{"start":{"line":194,"column":16},"end":{"line":197,"column":18}}],"line":193},"12":{"loc":{"start":{"line":203,"column":16},"end":{"line":203,"column":72}},"type":"binary-expr","locations":[{"start":{"line":203,"column":16},"end":{"line":203,"column":26}},{"start":{"line":203,"column":30},"end":{"line":203,"column":72}}],"line":203},"13":{"loc":{"start":{"line":206,"column":13},"end":{"line":215,"column":13}},"type":"cond-expr","locations":[{"start":{"line":207,"column":14},"end":{"line":211,"column":16}},{"start":{"line":214,"column":14},"end":{"line":214,"column":118}}],"line":206}},"s":{"0":2,"1":15,"2":15,"3":15,"4":15,"5":15,"6":15,"7":15,"8":15,"9":15,"10":15,"11":15,"12":15,"13":15,"14":15,"15":2,"16":2,"17":2,"18":2,"19":15,"20":2,"21":0,"22":2,"23":2,"24":15,"25":2,"26":2,"27":2,"28":2,"29":2,"30":15,"31":2,"32":2,"33":2,"34":2,"35":2,"36":15,"37":3,"38":3,"39":3,"40":3,"41":3,"42":3,"43":3,"44":3,"45":15,"46":2,"47":15,"48":2,"49":15,"50":3,"51":3,"52":3,"53":15,"54":11,"55":2,"56":2,"57":2,"58":2,"59":2,"60":2,"61":2,"62":15,"63":0,"64":3},"f":{"0":2,"1":15,"2":2,"3":2,"4":2,"5":2,"6":3,"7":2,"8":2,"9":3,"10":11,"11":0,"12":3},"b":{"0":[0,2],"1":[2,2],"2":[2,0],"3":[2,0],"4":[2,9],"5":[11,4],"6":[15,12],"7":[15,3],"8":[15,3],"9":[15,12],"10":[15,3],"11":[15,3],"12":[15,2],"13":[2,13]},"_coverageSchema":"1a1c01bbd47fc00a2c39e90264f33305004495a9","hash":"d32fb50c856b9778433174d7ae1db9b9fff29558"}
}
