{"C:\\Users\\kdind\\Documents\\deleteMe\\bmi-calculator\\client\\src\\assets\\icon-age.svg": {"path":"C:\\Users\\kdind\\Documents\\deleteMe\\bmi-calculator\\client\\src\\assets\\icon-age.svg","statementMap":{"0":{"start":{"line":1,"column":0},"end":{"line":1,"column":19}}},"fnMap":{},"branchMap":{},"s":{"0":1},"f":{},"b":{},"_coverageSchema":"1a1c01bbd47fc00a2c39e90264f33305004495a9","hash":"33d78f1e548b2e69790149ca3ca10141c67065ba"}
,"C:\\Users\\kdind\\Documents\\deleteMe\\bmi-calculator\\client\\src\\assets\\icon-eating.svg": {"path":"C:\\Users\\kdind\\Documents\\deleteMe\\bmi-calculator\\client\\src\\assets\\icon-eating.svg","statementMap":{"0":{"start":{"line":1,"column":0},"end":{"line":1,"column":19}}},"fnMap":{},"branchMap":{},"s":{"0":1},"f":{},"b":{},"_coverageSchema":"1a1c01bbd47fc00a2c39e90264f33305004495a9","hash":"c491b494618ad3377138333ef20937e73205d499"}
,"C:\\Users\\kdind\\Documents\\deleteMe\\bmi-calculator\\client\\src\\assets\\icon-exercise.svg": {"path":"C:\\Users\\kdind\\Documents\\deleteMe\\bmi-calculator\\client\\src\\assets\\icon-exercise.svg","statementMap":{"0":{"start":{"line":1,"column":0},"end":{"line":1,"column":19}}},"fnMap":{},"branchMap":{},"s":{"0":1},"f":{},"b":{},"_coverageSchema":"1a1c01bbd47fc00a2c39e90264f33305004495a9","hash":"95faae21ebc37db82b4613fa722f2cebe45d2705"}
,"C:\\Users\\kdind\\Documents\\deleteMe\\bmi-calculator\\client\\src\\assets\\icon-gender.svg": {"path":"C:\\Users\\kdind\\Documents\\deleteMe\\bmi-calculator\\client\\src\\assets\\icon-gender.svg","statementMap":{"0":{"start":{"line":1,"column":0},"end":{"line":1,"column":19}}},"fnMap":{},"branchMap":{},"s":{"0":1},"f":{},"b":{},"_coverageSchema":"1a1c01bbd47fc00a2c39e90264f33305004495a9","hash":"ff48c464710402ec64ac6e83e2300e36de682e4a"}
,"C:\\Users\\kdind\\Documents\\deleteMe\\bmi-calculator\\client\\src\\assets\\icon-muscle.svg": {"path":"C:\\Users\\kdind\\Documents\\deleteMe\\bmi-calculator\\client\\src\\assets\\icon-muscle.svg","statementMap":{"0":{"start":{"line":1,"column":0},"end":{"line":1,"column":19}}},"fnMap":{},"branchMap":{},"s":{"0":1},"f":{},"b":{},"_coverageSchema":"1a1c01bbd47fc00a2c39e90264f33305004495a9","hash":"ab0f7c6cd3f9537684c91beb0c4dd75ce3ed0778"}
,"C:\\Users\\kdind\\Documents\\deleteMe\\bmi-calculator\\client\\src\\assets\\icon-pregnancy.svg": {"path":"C:\\Users\\kdind\\Documents\\deleteMe\\bmi-calculator\\client\\src\\assets\\icon-pregnancy.svg","statementMap":{"0":{"start":{"line":1,"column":0},"end":{"line":1,"column":19}}},"fnMap":{},"branchMap":{},"s":{"0":1},"f":{},"b":{},"_coverageSchema":"1a1c01bbd47fc00a2c39e90264f33305004495a9","hash":"23d27180d330dcc240360444fbe8250d61ef1ef5"}
,"C:\\Users\\kdind\\Documents\\deleteMe\\bmi-calculator\\client\\src\\assets\\icon-race.svg": {"path":"C:\\Users\\kdind\\Documents\\deleteMe\\bmi-calculator\\client\\src\\assets\\icon-race.svg","statementMap":{"0":{"start":{"line":1,"column":0},"end":{"line":1,"column":19}}},"fnMap":{},"branchMap":{},"s":{"0":1},"f":{},"b":{},"_coverageSchema":"1a1c01bbd47fc00a2c39e90264f33305004495a9","hash":"076befc0ef77e9d6a141b2efbe6f5583dc951c6e"}
,"C:\\Users\\kdind\\Documents\\deleteMe\\bmi-calculator\\client\\src\\assets\\icon-sleep.svg": {"path":"C:\\Users\\kdind\\Documents\\deleteMe\\bmi-calculator\\client\\src\\assets\\icon-sleep.svg","statementMap":{"0":{"start":{"line":1,"column":0},"end":{"line":1,"column":19}}},"fnMap":{},"branchMap":{},"s":{"0":1},"f":{},"b":{},"_coverageSchema":"1a1c01bbd47fc00a2c39e90264f33305004495a9","hash":"07f4227f9e5229cfc2fc645196c282026b7f194c"}
,"C:\\Users\\kdind\\Documents\\deleteMe\\bmi-calculator\\client\\src\\assets\\image-man-eating.webp": {"path":"C:\\Users\\kdind\\Documents\\deleteMe\\bmi-calculator\\client\\src\\assets\\image-man-eating.webp","statementMap":{"0":{"start":{"line":1,"column":0},"end":{"line":1,"column":19}}},"fnMap":{},"branchMap":{},"s":{"0":1},"f":{},"b":{},"_coverageSchema":"1a1c01bbd47fc00a2c39e90264f33305004495a9","hash":"3c7d338cbc6d5a58624795d2db513e4a8e2b8546"}
,"C:\\Users\\kdind\\Documents\\deleteMe\\bmi-calculator\\client\\src\\assets\\logo.svg": {"path":"C:\\Users\\kdind\\Documents\\deleteMe\\bmi-calculator\\client\\src\\assets\\logo.svg","statementMap":{"0":{"start":{"line":1,"column":0},"end":{"line":1,"column":19}}},"fnMap":{},"branchMap":{},"s":{"0":2},"f":{},"b":{},"_coverageSchema":"1a1c01bbd47fc00a2c39e90264f33305004495a9","hash":"0d313f635393f379b3d81ef51509d0b6105bc22d"}
,"C:\\Users\\kdind\\Documents\\deleteMe\\bmi-calculator\\client\\src\\assets\\css\\adviceStyles.css": {"path":"C:\\Users\\kdind\\Documents\\deleteMe\\bmi-calculator\\client\\src\\assets\\css\\adviceStyles.css","statementMap":{"0":{"start":{"line":1,"column":0},"end":{"line":1,"column":19}}},"fnMap":{},"branchMap":{},"s":{"0":1},"f":{},"b":{},"_coverageSchema":"1a1c01bbd47fc00a2c39e90264f33305004495a9","hash":"436ce64bc49424bc7d8aba83d82c364013c7ab00"}
,"C:\\Users\\kdind\\Documents\\deleteMe\\bmi-calculator\\client\\src\\assets\\css\\bmiCalcStyles.css": {"path":"C:\\Users\\kdind\\Documents\\deleteMe\\bmi-calculator\\client\\src\\assets\\css\\bmiCalcStyles.css","statementMap":{"0":{"start":{"line":1,"column":0},"end":{"line":1,"column":19}}},"fnMap":{},"branchMap":{},"s":{"0":2},"f":{},"b":{},"_coverageSchema":"1a1c01bbd47fc00a2c39e90264f33305004495a9","hash":"6e705737e3aa0944dde6022e6b3d8657957b3b35"}
,"C:\\Users\\kdind\\Documents\\deleteMe\\bmi-calculator\\client\\src\\assets\\css\\bmiDefStyles.css": {"path":"C:\\Users\\kdind\\Documents\\deleteMe\\bmi-calculator\\client\\src\\assets\\css\\bmiDefStyles.css","statementMap":{"0":{"start":{"line":1,"column":0},"end":{"line":1,"column":19}}},"fnMap":{},"branchMap":{},"s":{"0":1},"f":{},"b":{},"_coverageSchema":"1a1c01bbd47fc00a2c39e90264f33305004495a9","hash":"6c5b83941af06c6ece1e0a68206fb2601f11437f"}
,"C:\\Users\\kdind\\Documents\\deleteMe\\bmi-calculator\\client\\src\\assets\\css\\limitationsStyles.css": {"path":"C:\\Users\\kdind\\Documents\\deleteMe\\bmi-calculator\\client\\src\\assets\\css\\limitationsStyles.css","statementMap":{"0":{"start":{"line":1,"column":0},"end":{"line":1,"column":19}}},"fnMap":{},"branchMap":{},"s":{"0":1},"f":{},"b":{},"_coverageSchema":"1a1c01bbd47fc00a2c39e90264f33305004495a9","hash":"fd2e3c2e08ee88bf01eaeaabcb8b240c586e344f"}
,"C:\\Users\\kdind\\Documents\\deleteMe\\bmi-calculator\\client\\src\\components\\AdviceComponent.jsx": {"path":"C:\\Users\\kdind\\Documents\\deleteMe\\bmi-calculator\\client\\src\\components\\AdviceComponent.jsx","statementMap":{"0":{"start":{"line":8,"column":0},"end":{"line":49,"column":1}}},"fnMap":{"0":{"name":"AdviceComponent","decl":{"start":{"line":7,"column":9},"end":{"line":7,"column":24}},"loc":{"start":{"line":7,"column":27},"end":{"line":50,"column":1}},"line":7}},"branchMap":{},"s":{"0":1},"f":{"0":1},"b":{},"_coverageSchema":"1a1c01bbd47fc00a2c39e90264f33305004495a9","hash":"bd2b2fb97a446e4d5eb57d973f525f2d0f936603"}
,"C:\\Users\\kdind\\Documents\\deleteMe\\bmi-calculator\\client\\src\\components\\BmiCalcComponent.jsx": {"path":"C:\\Users\\kdind\\Documents\\deleteMe\\bmi-calculator\\client\\src\\components\\BmiCalcComponent.jsx","statementMap":{"0":{"start":{"line":5,"column":2},"end":{"line":11,"column":3}},"1":{"start":{"line":17,"column":17},"end":{"line":17,"column":25}},"2":{"start":{"line":18,"column":19},"end":{"line":18,"column":29}},"3":{"start":{"line":19,"column":24},"end":{"line":19,"column":28}},"4":{"start":{"line":20,"column":24},"end":{"line":20,"column":28}},"5":{"start":{"line":22,"column":54},"end":{"line":22,"column":66}},"6":{"start":{"line":23,"column":54},"end":{"line":23,"column":66}},"7":{"start":{"line":25,"column":54},"end":{"line":25,"column":66}},"8":{"start":{"line":26,"column":54},"end":{"line":26,"column":66}},"9":{"start":{"line":27,"column":56},"end":{"line":27,"column":68}},"10":{"start":{"line":29,"column":44},"end":{"line":29,"column":64}},"11":{"start":{"line":30,"column":48},"end":{"line":30,"column":63}},"12":{"start":{"line":31,"column":38},"end":{"line":31,"column":50}},"13":{"start":{"line":32,"column":40},"end":{"line":32,"column":52}},"14":{"start":{"line":34,"column":54},"end":{"line":34,"column":66}},"15":{"start":{"line":35,"column":54},"end":{"line":35,"column":66}},"16":{"start":{"line":36,"column":60},"end":{"line":36,"column":72}},"17":{"start":{"line":37,"column":60},"end":{"line":37,"column":72}},"18":{"start":{"line":39,"column":56},"end":{"line":39,"column":72}},"19":{"start":{"line":42,"column":30},"end":{"line":48,"column":3}},"20":{"start":{"line":43,"column":29},"end":{"line":43,"column":43}},"21":{"start":{"line":45,"column":18},"end":{"line":45,"column":60}},"22":{"start":{"line":46,"column":27},"end":{"line":46,"column":64}},"23":{"start":{"line":47,"column":6},"end":{"line":47,"column":26}},"24":{"start":{"line":50,"column":32},"end":{"line":55,"column":3}},"25":{"start":{"line":51,"column":28},"end":{"line":51,"column":54}},"26":{"start":{"line":53,"column":19},"end":{"line":53,"column":63}},"27":{"start":{"line":54,"column":4},"end":{"line":54,"column":28}},"28":{"start":{"line":57,"column":25},"end":{"line":67,"column":3}},"29":{"start":{"line":60,"column":4},"end":{"line":65,"column":5}},"30":{"start":{"line":62,"column":6},"end":{"line":62,"column":43}},"31":{"start":{"line":64,"column":6},"end":{"line":64,"column":41}},"32":{"start":{"line":66,"column":4},"end":{"line":66,"column":11}},"33":{"start":{"line":71,"column":32},"end":{"line":80,"column":3}},"34":{"start":{"line":72,"column":4},"end":{"line":79,"column":5}},"35":{"start":{"line":73,"column":29},"end":{"line":73,"column":43}},"36":{"start":{"line":75,"column":26},"end":{"line":75,"column":72}},"37":{"start":{"line":76,"column":10},"end":{"line":76,"column":62}},"38":{"start":{"line":77,"column":10},"end":{"line":77,"column":17}},"39":{"start":{"line":83,"column":32},"end":{"line":93,"column":3}},"40":{"start":{"line":85,"column":4},"end":{"line":92,"column":5}},"41":{"start":{"line":86,"column":29},"end":{"line":86,"column":43}},"42":{"start":{"line":88,"column":22},"end":{"line":88,"column":68}},"43":{"start":{"line":89,"column":6},"end":{"line":89,"column":59}},"44":{"start":{"line":90,"column":6},"end":{"line":90,"column":13}},"45":{"start":{"line":100,"column":33},"end":{"line":111,"column":1}},"46":{"start":{"line":102,"column":25},"end":{"line":102,"column":43}},"47":{"start":{"line":105,"column":23},"end":{"line":105,"column":71}},"48":{"start":{"line":106,"column":23},"end":{"line":106,"column":73}},"49":{"start":{"line":107,"column":2},"end":{"line":107,"column":42}},"50":{"start":{"line":108,"column":2},"end":{"line":108,"column":61}},"51":{"start":{"line":109,"column":2},"end":{"line":109,"column":61}},"52":{"start":{"line":110,"column":2},"end":{"line":110,"column":9}},"53":{"start":{"line":114,"column":26},"end":{"line":124,"column":3}},"54":{"start":{"line":115,"column":4},"end":{"line":115,"column":30}},"55":{"start":{"line":116,"column":4},"end":{"line":116,"column":30}},"56":{"start":{"line":117,"column":4},"end":{"line":117,"column":22}},"57":{"start":{"line":118,"column":4},"end":{"line":118,"column":23}},"58":{"start":{"line":119,"column":4},"end":{"line":119,"column":30}},"59":{"start":{"line":120,"column":4},"end":{"line":120,"column":30}},"60":{"start":{"line":121,"column":4},"end":{"line":121,"column":33}},"61":{"start":{"line":122,"column":4},"end":{"line":122,"column":30}},"62":{"start":{"line":128,"column":31},"end":{"line":130,"column":3}},"63":{"start":{"line":129,"column":4},"end":{"line":129,"column":54}},"64":{"start":{"line":133,"column":31},"end":{"line":135,"column":3}},"65":{"start":{"line":134,"column":4},"end":{"line":134,"column":54}},"66":{"start":{"line":137,"column":34},"end":{"line":140,"column":3}},"67":{"start":{"line":138,"column":4},"end":{"line":138,"column":34}},"68":{"start":{"line":139,"column":4},"end":{"line":139,"column":22}},"69":{"start":{"line":144,"column":31},"end":{"line":146,"column":3}},"70":{"start":{"line":145,"column":4},"end":{"line":145,"column":54}},"71":{"start":{"line":148,"column":31},"end":{"line":150,"column":3}},"72":{"start":{"line":149,"column":4},"end":{"line":149,"column":54}},"73":{"start":{"line":153,"column":32},"end":{"line":155,"column":3}},"74":{"start":{"line":154,"column":4},"end":{"line":154,"column":55}},"75":{"start":{"line":157,"column":2},"end":{"line":177,"column":104}},"76":{"start":{"line":158,"column":4},"end":{"line":167,"column":7}},"77":{"start":{"line":159,"column":22},"end":{"line":159,"column":105}},"78":{"start":{"line":161,"column":6},"end":{"line":161,"column":29}},"79":{"start":{"line":162,"column":6},"end":{"line":162,"column":41}},"80":{"start":{"line":163,"column":6},"end":{"line":163,"column":31}},"81":{"start":{"line":164,"column":6},"end":{"line":164,"column":29}},"82":{"start":{"line":165,"column":6},"end":{"line":165,"column":48}},"83":{"start":{"line":166,"column":6},"end":{"line":166,"column":48}},"84":{"start":{"line":169,"column":6},"end":{"line":176,"column":7}},"85":{"start":{"line":170,"column":32},"end":{"line":170,"column":115}},"86":{"start":{"line":171,"column":6},"end":{"line":171,"column":37}},"87":{"start":{"line":172,"column":6},"end":{"line":172,"column":41}},"88":{"start":{"line":173,"column":6},"end":{"line":173,"column":31}},"89":{"start":{"line":174,"column":6},"end":{"line":174,"column":38}},"90":{"start":{"line":175,"column":6},"end":{"line":175,"column":70}},"91":{"start":{"line":181,"column":4},"end":{"line":335,"column":5}},"92":{"start":{"line":208,"column":31},"end":{"line":208,"column":62}},"93":{"start":{"line":218,"column":31},"end":{"line":218,"column":64}}},"fnMap":{"0":{"name":"BmiDescription","decl":{"start":{"line":4,"column":9},"end":{"line":4,"column":23}},"loc":{"start":{"line":4,"column":56},"end":{"line":12,"column":1}},"line":4},"1":{"name":"BmiCalcComponent","decl":{"start":{"line":15,"column":9},"end":{"line":15,"column":25}},"loc":{"start":{"line":15,"column":28},"end":{"line":336,"column":3}},"line":15},"2":{"name":"(anonymous_2)","decl":{"start":{"line":42,"column":30},"end":{"line":42,"column":31}},"loc":{"start":{"line":42,"column":52},"end":{"line":48,"column":3}},"line":42},"3":{"name":"(anonymous_3)","decl":{"start":{"line":50,"column":32},"end":{"line":50,"column":33}},"loc":{"start":{"line":50,"column":65},"end":{"line":55,"column":3}},"line":50},"4":{"name":"(anonymous_4)","decl":{"start":{"line":57,"column":25},"end":{"line":57,"column":26}},"loc":{"start":{"line":57,"column":34},"end":{"line":67,"column":3}},"line":57},"5":{"name":"(anonymous_5)","decl":{"start":{"line":71,"column":32},"end":{"line":71,"column":33}},"loc":{"start":{"line":71,"column":46},"end":{"line":80,"column":3}},"line":71},"6":{"name":"(anonymous_6)","decl":{"start":{"line":83,"column":32},"end":{"line":83,"column":33}},"loc":{"start":{"line":83,"column":46},"end":{"line":93,"column":3}},"line":83},"7":{"name":"(anonymous_7)","decl":{"start":{"line":100,"column":33},"end":{"line":100,"column":34}},"loc":{"start":{"line":100,"column":50},"end":{"line":111,"column":1}},"line":100},"8":{"name":"(anonymous_8)","decl":{"start":{"line":114,"column":26},"end":{"line":114,"column":27}},"loc":{"start":{"line":114,"column":32},"end":{"line":124,"column":3}},"line":114},"9":{"name":"(anonymous_9)","decl":{"start":{"line":128,"column":31},"end":{"line":128,"column":32}},"loc":{"start":{"line":128,"column":38},"end":{"line":130,"column":3}},"line":128},"10":{"name":"(anonymous_10)","decl":{"start":{"line":133,"column":31},"end":{"line":133,"column":32}},"loc":{"start":{"line":133,"column":38},"end":{"line":135,"column":3}},"line":133},"11":{"name":"(anonymous_11)","decl":{"start":{"line":137,"column":34},"end":{"line":137,"column":35}},"loc":{"start":{"line":137,"column":45},"end":{"line":140,"column":3}},"line":137},"12":{"name":"(anonymous_12)","decl":{"start":{"line":144,"column":31},"end":{"line":144,"column":32}},"loc":{"start":{"line":144,"column":38},"end":{"line":146,"column":3}},"line":144},"13":{"name":"(anonymous_13)","decl":{"start":{"line":148,"column":31},"end":{"line":148,"column":32}},"loc":{"start":{"line":148,"column":38},"end":{"line":150,"column":3}},"line":148},"14":{"name":"(anonymous_14)","decl":{"start":{"line":153,"column":32},"end":{"line":153,"column":33}},"loc":{"start":{"line":153,"column":39},"end":{"line":155,"column":3}},"line":153},"15":{"name":"(anonymous_15)","decl":{"start":{"line":157,"column":12},"end":{"line":157,"column":13}},"loc":{"start":{"line":157,"column":18},"end":{"line":177,"column":3}},"line":157},"16":{"name":"(anonymous_16)","decl":{"start":{"line":208,"column":26},"end":{"line":208,"column":27}},"loc":{"start":{"line":208,"column":31},"end":{"line":208,"column":62}},"line":208},"17":{"name":"(anonymous_17)","decl":{"start":{"line":218,"column":26},"end":{"line":218,"column":27}},"loc":{"start":{"line":218,"column":31},"end":{"line":218,"column":64}},"line":218}},"branchMap":{"0":{"loc":{"start":{"line":60,"column":4},"end":{"line":65,"column":5}},"type":"if","locations":[{"start":{"line":60,"column":4},"end":{"line":65,"column":5}},{"start":{"line":63,"column":9},"end":{"line":65,"column":5}}],"line":60},"1":{"loc":{"start":{"line":60,"column":7},"end":{"line":60,"column":49}},"type":"binary-expr","locations":[{"start":{"line":60,"column":7},"end":{"line":60,"column":26}},{"start":{"line":60,"column":30},"end":{"line":60,"column":49}}],"line":60},"2":{"loc":{"start":{"line":72,"column":4},"end":{"line":79,"column":5}},"type":"if","locations":[{"start":{"line":72,"column":4},"end":{"line":79,"column":5}},{"start":{},"end":{}}],"line":72},"3":{"loc":{"start":{"line":85,"column":4},"end":{"line":92,"column":5}},"type":"if","locations":[{"start":{"line":85,"column":4},"end":{"line":92,"column":5}},{"start":{},"end":{}}],"line":85},"4":{"loc":{"start":{"line":158,"column":4},"end":{"line":167,"column":7}},"type":"if","locations":[{"start":{"line":158,"column":4},"end":{"line":167,"column":7}},{"start":{},"end":{}}],"line":158},"5":{"loc":{"start":{"line":158,"column":7},"end":{"line":158,"column":47}},"type":"binary-expr","locations":[{"start":{"line":158,"column":7},"end":{"line":158,"column":25}},{"start":{"line":158,"column":29},"end":{"line":158,"column":47}}],"line":158},"6":{"loc":{"start":{"line":169,"column":6},"end":{"line":176,"column":7}},"type":"if","locations":[{"start":{"line":169,"column":6},"end":{"line":176,"column":7}},{"start":{},"end":{}}],"line":169},"7":{"loc":{"start":{"line":169,"column":9},"end":{"line":169,"column":72}},"type":"binary-expr","locations":[{"start":{"line":169,"column":9},"end":{"line":169,"column":27}},{"start":{"line":169,"column":31},"end":{"line":169,"column":49}},{"start":{"line":169,"column":53},"end":{"line":169,"column":72}}],"line":169},"8":{"loc":{"start":{"line":225,"column":17},"end":{"line":255,"column":26}},"type":"binary-expr","locations":[{"start":{"line":225,"column":17},"end":{"line":225,"column":47}},{"start":{"line":226,"column":16},"end":{"line":255,"column":26}}],"line":225},"9":{"loc":{"start":{"line":260,"column":17},"end":{"line":305,"column":26}},"type":"binary-expr","locations":[{"start":{"line":260,"column":17},"end":{"line":260,"column":49}},{"start":{"line":261,"column":16},"end":{"line":305,"column":26}}],"line":260},"10":{"loc":{"start":{"line":312,"column":59},"end":{"line":312,"column":102}},"type":"cond-expr","locations":[{"start":{"line":312,"column":88},"end":{"line":312,"column":99}},{"start":{"line":312,"column":100},"end":{"line":312,"column":102}}],"line":312},"11":{"loc":{"start":{"line":313,"column":19},"end":{"line":314,"column":95}},"type":"binary-expr","locations":[{"start":{"line":313,"column":19},"end":{"line":313,"column":29}},{"start":{"line":314,"column":16},"end":{"line":314,"column":95}}],"line":313},"12":{"loc":{"start":{"line":319,"column":13},"end":{"line":328,"column":13}},"type":"cond-expr","locations":[{"start":{"line":320,"column":14},"end":{"line":324,"column":16}},{"start":{"line":327,"column":14},"end":{"line":327,"column":118}}],"line":319}},"s":{"0":3,"1":19,"2":19,"3":19,"4":19,"5":19,"6":19,"7":19,"8":19,"9":19,"10":19,"11":19,"12":19,"13":19,"14":19,"15":19,"16":19,"17":19,"18":19,"19":19,"20":2,"21":2,"22":2,"23":2,"24":19,"25":1,"26":1,"27":1,"28":19,"29":3,"30":0,"31":3,"32":3,"33":19,"34":2,"35":2,"36":2,"37":2,"38":2,"39":19,"40":2,"41":2,"42":2,"43":2,"44":2,"45":19,"46":1,"47":1,"48":1,"49":1,"50":1,"51":1,"52":1,"53":19,"54":3,"55":3,"56":3,"57":3,"58":3,"59":3,"60":3,"61":3,"62":19,"63":2,"64":19,"65":2,"66":19,"67":3,"68":3,"69":19,"70":1,"71":19,"72":1,"73":19,"74":1,"75":19,"76":14,"77":2,"78":2,"79":2,"80":2,"81":2,"82":2,"83":2,"84":14,"85":1,"86":1,"87":1,"88":1,"89":1,"90":1,"91":19,"92":0,"93":3},"f":{"0":3,"1":19,"2":2,"3":1,"4":3,"5":2,"6":2,"7":1,"8":3,"9":2,"10":2,"11":3,"12":1,"13":1,"14":1,"15":14,"16":0,"17":3},"b":{"0":[0,3],"1":[3,3],"2":[2,0],"3":[2,0],"4":[2,12],"5":[14,4],"6":[1,13],"7":[14,3,2],"8":[19,12],"9":[19,7],"10":[16,3],"11":[19,3],"12":[3,16]},"_coverageSchema":"1a1c01bbd47fc00a2c39e90264f33305004495a9","hash":"bd511cc90d50b8ec18b3b2b04d7324320f908a12"}
,"C:\\Users\\kdind\\Documents\\deleteMe\\bmi-calculator\\client\\src\\components\\BmiDefinitionComponent.jsx": {"path":"C:\\Users\\kdind\\Documents\\deleteMe\\bmi-calculator\\client\\src\\components\\BmiDefinitionComponent.jsx","statementMap":{"0":{"start":{"line":7,"column":2},"end":{"line":25,"column":3}}},"fnMap":{"0":{"name":"BmiDefinitionComponent","decl":{"start":{"line":5,"column":9},"end":{"line":5,"column":31}},"loc":{"start":{"line":5,"column":34},"end":{"line":26,"column":1}},"line":5}},"branchMap":{},"s":{"0":1},"f":{"0":1},"b":{},"_coverageSchema":"1a1c01bbd47fc00a2c39e90264f33305004495a9","hash":"ab65c11299e6e62217568b0cf355cc0a286e572d"}
,"C:\\Users\\kdind\\Documents\\deleteMe\\bmi-calculator\\client\\src\\components\\LimitationsComponent.jsx": {"path":"C:\\Users\\kdind\\Documents\\deleteMe\\bmi-calculator\\client\\src\\components\\LimitationsComponent.jsx","statementMap":{"0":{"start":{"line":13,"column":4},"end":{"line":91,"column":5}}},"fnMap":{"0":{"name":"LimitationsComponent","decl":{"start":{"line":11,"column":9},"end":{"line":11,"column":29}},"loc":{"start":{"line":11,"column":32},"end":{"line":93,"column":1}},"line":11}},"branchMap":{},"s":{"0":1},"f":{"0":1},"b":{},"_coverageSchema":"1a1c01bbd47fc00a2c39e90264f33305004495a9","hash":"1544b137cc50cf86ceac17196b4ef272b1ddba69"}
}
