TN:
SF:src\assets\icon-age.svg
FNF:0
FNH:0
DA:1,1
LF:1
LH:1
BRF:0
BRH:0
end_of_record
TN:
SF:src\assets\icon-eating.svg
FNF:0
FNH:0
DA:1,1
LF:1
LH:1
BRF:0
BRH:0
end_of_record
TN:
SF:src\assets\icon-exercise.svg
FNF:0
FNH:0
DA:1,1
LF:1
LH:1
BRF:0
BRH:0
end_of_record
TN:
SF:src\assets\icon-gender.svg
FNF:0
FNH:0
DA:1,1
LF:1
LH:1
BRF:0
BRH:0
end_of_record
TN:
SF:src\assets\icon-muscle.svg
FNF:0
FNH:0
DA:1,1
LF:1
LH:1
BRF:0
BRH:0
end_of_record
TN:
SF:src\assets\icon-pregnancy.svg
FNF:0
FNH:0
DA:1,1
LF:1
LH:1
BRF:0
BRH:0
end_of_record
TN:
SF:src\assets\icon-race.svg
FNF:0
FNH:0
DA:1,1
LF:1
LH:1
BRF:0
BRH:0
end_of_record
TN:
SF:src\assets\icon-sleep.svg
FNF:0
FNH:0
DA:1,1
LF:1
LH:1
BRF:0
BRH:0
end_of_record
TN:
SF:src\assets\image-man-eating.webp
FNF:0
FNH:0
DA:1,1
LF:1
LH:1
BRF:0
BRH:0
end_of_record
TN:
SF:src\assets\logo.svg
FNF:0
FNH:0
DA:1,2
LF:1
LH:1
BRF:0
BRH:0
end_of_record
TN:
SF:src\assets\css\adviceStyles.css
FNF:0
FNH:0
DA:1,1
LF:1
LH:1
BRF:0
BRH:0
end_of_record
TN:
SF:src\assets\css\bmiCalcStyles.css
FNF:0
FNH:0
DA:1,2
LF:1
LH:1
BRF:0
BRH:0
end_of_record
TN:
SF:src\assets\css\bmiDefStyles.css
FNF:0
FNH:0
DA:1,1
LF:1
LH:1
BRF:0
BRH:0
end_of_record
TN:
SF:src\assets\css\limitationsStyles.css
FNF:0
FNH:0
DA:1,1
LF:1
LH:1
BRF:0
BRH:0
end_of_record
TN:
SF:src\components\AdviceComponent.jsx
FN:7,AdviceComponent
FNF:1
FNH:1
FNDA:1,AdviceComponent
DA:8,1
LF:1
LH:1
BRF:0
BRH:0
end_of_record
TN:
SF:src\components\BmiCalcComponent.jsx
FN:4,BmiDescription
FN:15,BmiCalcComponent
FN:42,(anonymous_2)
FN:50,(anonymous_3)
FN:57,(anonymous_4)
FN:71,(anonymous_5)
FN:83,(anonymous_6)
FN:100,(anonymous_7)
FN:114,(anonymous_8)
FN:128,(anonymous_9)
FN:133,(anonymous_10)
FN:137,(anonymous_11)
FN:144,(anonymous_12)
FN:148,(anonymous_13)
FN:153,(anonymous_14)
FN:157,(anonymous_15)
FN:208,(anonymous_16)
FN:218,(anonymous_17)
FNF:18
FNH:17
FNDA:3,BmiDescription
FNDA:19,BmiCalcComponent
FNDA:2,(anonymous_2)
FNDA:1,(anonymous_3)
FNDA:3,(anonymous_4)
FNDA:2,(anonymous_5)
FNDA:2,(anonymous_6)
FNDA:1,(anonymous_7)
FNDA:3,(anonymous_8)
FNDA:2,(anonymous_9)
FNDA:2,(anonymous_10)
FNDA:3,(anonymous_11)
FNDA:1,(anonymous_12)
FNDA:1,(anonymous_13)
FNDA:1,(anonymous_14)
FNDA:14,(anonymous_15)
FNDA:0,(anonymous_16)
FNDA:3,(anonymous_17)
DA:5,3
DA:17,19
DA:18,19
DA:19,19
DA:20,19
DA:22,19
DA:23,19
DA:25,19
DA:26,19
DA:27,19
DA:29,19
DA:30,19
DA:31,19
DA:32,19
DA:34,19
DA:35,19
DA:36,19
DA:37,19
DA:39,19
DA:42,19
DA:43,2
DA:45,2
DA:46,2
DA:47,2
DA:50,19
DA:51,1
DA:53,1
DA:54,1
DA:57,19
DA:60,3
DA:62,0
DA:64,3
DA:66,3
DA:71,19
DA:72,2
DA:73,2
DA:75,2
DA:76,2
DA:77,2
DA:83,19
DA:85,2
DA:86,2
DA:88,2
DA:89,2
DA:90,2
DA:100,19
DA:102,1
DA:105,1
DA:106,1
DA:107,1
DA:108,1
DA:109,1
DA:110,1
DA:114,19
DA:115,3
DA:116,3
DA:117,3
DA:118,3
DA:119,3
DA:120,3
DA:121,3
DA:122,3
DA:128,19
DA:129,2
DA:133,19
DA:134,2
DA:137,19
DA:138,3
DA:139,3
DA:144,19
DA:145,1
DA:148,19
DA:149,1
DA:153,19
DA:154,1
DA:157,19
DA:158,14
DA:159,2
DA:161,2
DA:162,2
DA:163,2
DA:164,2
DA:165,2
DA:166,2
DA:169,14
DA:170,1
DA:171,1
DA:172,1
DA:173,1
DA:174,1
DA:175,1
DA:181,19
DA:208,0
DA:218,3
LF:94
LH:92
BRDA:60,0,0,0
BRDA:60,0,1,3
BRDA:60,1,0,3
BRDA:60,1,1,3
BRDA:72,2,0,2
BRDA:72,2,1,0
BRDA:85,3,0,2
BRDA:85,3,1,0
BRDA:158,4,0,2
BRDA:158,4,1,12
BRDA:158,5,0,14
BRDA:158,5,1,4
BRDA:169,6,0,1
BRDA:169,6,1,13
BRDA:169,7,0,14
BRDA:169,7,1,3
BRDA:169,7,2,2
BRDA:225,8,0,19
BRDA:225,8,1,12
BRDA:260,9,0,19
BRDA:260,9,1,7
BRDA:312,10,0,16
BRDA:312,10,1,3
BRDA:313,11,0,19
BRDA:313,11,1,3
BRDA:319,12,0,3
BRDA:319,12,1,16
BRF:27
BRH:24
end_of_record
TN:
SF:src\components\BmiDefinitionComponent.jsx
FN:5,BmiDefinitionComponent
FNF:1
FNH:1
FNDA:1,BmiDefinitionComponent
DA:7,1
LF:1
LH:1
BRF:0
BRH:0
end_of_record
TN:
SF:src\components\LimitationsComponent.jsx
FN:11,LimitationsComponent
FNF:1
FNH:1
FNDA:1,LimitationsComponent
DA:13,1
LF:1
LH:1
BRF:0
BRH:0
end_of_record
