TN:
SF:src\assets\logo.svg
FNF:0
FNH:0
DA:1,2
LF:1
LH:1
BRF:0
BRH:0
end_of_record
TN:
SF:src\components\BmiCalcComponent.jsx
FN:5,BmiDescription
FN:16,BmiCalcComponent
FN:34,(anonymous_2)
FN:43,(anonymous_3)
FN:56,(anonymous_4)
FN:67,(anonymous_5)
FN:80,(anonymous_6)
FN:92,(anonymous_7)
FN:97,(anonymous_8)
FN:101,(anonymous_9)
FN:108,(anonymous_10)
FN:144,(anonymous_11)
FN:152,(anonymous_12)
FNF:13
FNH:12
FNDA:2,BmiDescription
FNDA:15,BmiCalcComponent
FNDA:2,(anonymous_2)
FNDA:2,(anonymous_3)
FNDA:2,(anonymous_4)
FNDA:2,(anonymous_5)
FNDA:3,(anonymous_6)
FNDA:2,(anonymous_7)
FNDA:2,(anonymous_8)
FNDA:3,(anonymous_9)
FNDA:11,(anonymous_10)
FNDA:0,(anonymous_11)
FNDA:3,(anonymous_12)
DA:6,2
DA:18,15
DA:19,15
DA:20,15
DA:21,15
DA:22,15
DA:23,15
DA:24,15
DA:25,15
DA:26,15
DA:27,15
DA:28,15
DA:29,15
DA:31,15
DA:34,15
DA:35,2
DA:37,2
DA:38,2
DA:39,2
DA:43,15
DA:46,2
DA:48,0
DA:50,2
DA:52,2
DA:56,15
DA:57,2
DA:58,2
DA:60,2
DA:61,2
DA:62,2
DA:67,15
DA:69,2
DA:70,2
DA:72,2
DA:73,2
DA:74,2
DA:80,15
DA:81,3
DA:82,3
DA:83,3
DA:84,3
DA:85,3
DA:86,3
DA:87,3
DA:88,3
DA:92,15
DA:93,2
DA:97,15
DA:98,2
DA:101,15
DA:102,3
DA:103,3
DA:104,3
DA:108,15
DA:109,11
DA:110,2
DA:112,2
DA:113,2
DA:114,2
DA:115,2
DA:116,2
DA:117,2
DA:123,15
DA:144,0
DA:152,3
LF:65
LH:63
BRDA:46,0,0,0
BRDA:46,0,1,2
BRDA:46,1,0,2
BRDA:46,1,1,2
BRDA:57,2,0,2
BRDA:57,2,1,0
BRDA:69,3,0,2
BRDA:69,3,1,0
BRDA:109,4,0,2
BRDA:109,4,1,9
BRDA:109,5,0,11
BRDA:109,5,1,4
BRDA:156,6,0,15
BRDA:156,6,1,12
BRDA:164,7,0,15
BRDA:164,7,1,3
BRDA:170,8,0,15
BRDA:170,8,1,3
BRDA:177,9,0,15
BRDA:177,9,1,12
BRDA:187,10,0,15
BRDA:187,10,1,3
BRDA:193,11,0,15
BRDA:193,11,1,3
BRDA:203,12,0,15
BRDA:203,12,1,2
BRDA:206,13,0,2
BRDA:206,13,1,13
BRF:28
BRH:25
end_of_record
